[apesbusiness.xyz/index.html]
[backblue.gif]
[fade.gif]
[index.html]
[use.fontawesome.com/releases/v5.7.1/css/all.css]
[apesbusiness.xyz/images/x-icon/Ethereum.png]
[apesbusiness.xyz/css/style.css]
[apesbusiness.xyz/js/ethers.js]
[apesbusiness.xyz/js/EMB.js]
[apesbusiness.xyz/js/jquery/jquery.min.js]
[apesbusiness.xyz/js/jquery/jquery-migrate.min.js]
[unpkg.com/sweetalert/dist/sweetalert.min.7.delayed]
[unpkg.com/sweetalert@2.1.2/dist/sweetalert.min.js]
[apesbusiness.xyz/images/header/discord.webp]
[apesbusiness.xyz/images/header/twitter.webp]
[apesbusiness.xyz/images/header/opensea.webp]
[apesbusiness.xyz/images/x-icon/anim-1.gif]
[apesbusiness.xyz/images/x-icon/anim-2.gif]
[cdn.jsdelivr.net/npm/@metamask/onboarding@1.0.1/dist/metamask-onboarding.bundle.js]
[apesbusiness.xyz/js/app.js]
[apesbusiness.xyz/index.html]
[use.fontawesome.com/releases/v5.7.1/css/all.css]
[apesbusiness.xyz/css/style.css]
